<?xml version="1.0" encoding="UTF-8"?>
<testsuite name="UITest"
           tests="3"
           failures="0"
           errors="0"
           skipped="0"
           time="6.330">
    <properties></properties>



            <testcase
                name="verifySuccessfulNavigationToWhatsApp"
                time="1.530"
                classname="tests.ui.ContactTests">
            </testcase>
            <testcase
                name="verifySuccessfulNavigationToGithubProfile"
                time="1.539"
                classname="tests.ui.ContactTests">
            </testcase>
            <testcase
                name="verifySuccessfulNavigationToLinkedinProfile"
                time="3.261"
                classname="tests.ui.ContactTests">
            </testcase>
</testsuite>
