<?xml version="1.0" encoding="UTF-8"?>
<testsuite name="UITest"
           tests="4"
           failures="0"
           errors="0"
           skipped="0"
           time="8.406">
    <properties></properties>



            <testcase
                name="verifySuccessfulNavigationToWhatsApp"
                time="1.900"
                classname="tests.ui.ContactTests">
            </testcase>
            <testcase
                name="verifyVisitorCanSendAnEmailViaForm"
                time="1.197"
                classname="tests.ui.ContactTests">
            </testcase>
            <testcase
                name="verifySuccessfulNavigationToLinkedinProfile"
                time="3.495"
                classname="tests.ui.ContactTests">
            </testcase>
            <testcase
                name="verifySuccessfulNavigationToGithubProfile"
                time="1.814"
                classname="tests.ui.ContactTests">
            </testcase>
</testsuite>
