<?xml version="1.0" encoding="UTF-8"?>
<testsuite name="UITest"
           tests="3"
           failures="0"
           errors="0"
           skipped="0"
           time="99.045">
    <properties></properties>



            <testcase
                name="verifySuccessfulNavigationToLinkedinProfile"
                time="23.797"
                classname="tests.ui.ContactTests">
            </testcase>
            <testcase
                name="verifySuccessfulNavigationToGithubProfile"
                time="7.266"
                classname="tests.ui.ContactTests">
            </testcase>
            <testcase
                name="verifySuccessfulNavigationToWhatsApp"
                time="67.982"
                classname="tests.ui.ContactTests">
            </testcase>
</testsuite>
