<?xml version="1.0" encoding="UTF-8"?>
<testng-results ignored="0" total="4" passed="4" failed="0" skipped="0">
  <reporter-output>
  </reporter-output>
  <suite started-at="2025-08-26T11:53:51 UTC" name="Functional UI Suite" finished-at="2025-08-26T11:54:12 UTC" duration-ms="20593">
    <groups>
    </groups>
    <test started-at="2025-08-26T11:53:51 UTC" name="UITest" finished-at="2025-08-26T11:54:12 UTC" duration-ms="20593">
      <class name="tests.ui.ContactTests">
        <test-method is-config="true" signature="setup()[pri:0, instance:tests.ui.ContactTests@478190fc]" started-at="2025-08-26T11:53:51 UTC" name="setup" finished-at="2025-08-26T11:54:01 UTC" duration-ms="9615" status="PASS">
          <reporter-output>
          </reporter-output>
        </test-method> <!-- setup -->
        <test-method is-config="true" signature="setUp()[pri:0, instance:tests.ui.ContactTests@478190fc]" started-at="2025-08-26T11:54:01 UTC" name="setUp" finished-at="2025-08-26T11:54:01 UTC" duration-ms="4" status="PASS">
          <reporter-output>
          </reporter-output>
        </test-method> <!-- setUp -->
        <test-method signature="verifySuccessfulNavigationToLinkedinProfile()[pri:1, instance:tests.ui.ContactTests@478190fc]" started-at="2025-08-26T11:54:01 UTC" name="verifySuccessfulNavigationToLinkedinProfile" finished-at="2025-08-26T11:54:04 UTC" duration-ms="3797" status="PASS">
          <reporter-output>
          </reporter-output>
        </test-method> <!-- verifySuccessfulNavigationToLinkedinProfile -->
        <test-method is-config="true" signature="tearDown(org.testng.ITestContext)[pri:0, instance:tests.ui.ContactTests@478190fc]" started-at="2025-08-26T11:54:04 UTC" name="tearDown" finished-at="2025-08-26T11:54:05 UTC" duration-ms="136" status="PASS">
          <params>
            <param index="0">
              <value>
                <![CDATA[org.testng.TestRunner@48eb001a]]>
              </value>
            </param>
          </params>
          <reporter-output>
          </reporter-output>
        </test-method> <!-- tearDown -->
        <test-method is-config="true" signature="setup()[pri:0, instance:tests.ui.ContactTests@478190fc]" started-at="2025-08-26T11:54:05 UTC" name="setup" finished-at="2025-08-26T11:54:05 UTC" duration-ms="489" status="PASS">
          <reporter-output>
          </reporter-output>
        </test-method> <!-- setup -->
        <test-method is-config="true" signature="setUp()[pri:0, instance:tests.ui.ContactTests@478190fc]" started-at="2025-08-26T11:54:05 UTC" name="setUp" finished-at="2025-08-26T11:54:05 UTC" duration-ms="1" status="PASS">
          <reporter-output>
          </reporter-output>
        </test-method> <!-- setUp -->
        <test-method signature="verifySuccessfulNavigationToGithubProfile()[pri:2, instance:tests.ui.ContactTests@478190fc]" started-at="2025-08-26T11:54:05 UTC" name="verifySuccessfulNavigationToGithubProfile" finished-at="2025-08-26T11:54:07 UTC" duration-ms="1703" status="PASS">
          <reporter-output>
          </reporter-output>
        </test-method> <!-- verifySuccessfulNavigationToGithubProfile -->
        <test-method is-config="true" signature="tearDown(org.testng.ITestContext)[pri:0, instance:tests.ui.ContactTests@478190fc]" started-at="2025-08-26T11:54:07 UTC" name="tearDown" finished-at="2025-08-26T11:54:07 UTC" duration-ms="77" status="PASS">
          <params>
            <param index="0">
              <value>
                <![CDATA[org.testng.TestRunner@48eb001a]]>
              </value>
            </param>
          </params>
          <reporter-output>
          </reporter-output>
        </test-method> <!-- tearDown -->
        <test-method is-config="true" signature="setup()[pri:0, instance:tests.ui.ContactTests@478190fc]" started-at="2025-08-26T11:54:07 UTC" name="setup" finished-at="2025-08-26T11:54:07 UTC" duration-ms="369" status="PASS">
          <reporter-output>
          </reporter-output>
        </test-method> <!-- setup -->
        <test-method is-config="true" signature="setUp()[pri:0, instance:tests.ui.ContactTests@478190fc]" started-at="2025-08-26T11:54:07 UTC" name="setUp" finished-at="2025-08-26T11:54:07 UTC" duration-ms="0" status="PASS">
          <reporter-output>
          </reporter-output>
        </test-method> <!-- setUp -->
        <test-method signature="verifySuccessfulNavigationToWhatsApp()[pri:3, instance:tests.ui.ContactTests@478190fc]" started-at="2025-08-26T11:54:07 UTC" name="verifySuccessfulNavigationToWhatsApp" finished-at="2025-08-26T11:54:09 UTC" duration-ms="2179" status="PASS">
          <reporter-output>
          </reporter-output>
        </test-method> <!-- verifySuccessfulNavigationToWhatsApp -->
        <test-method is-config="true" signature="tearDown(org.testng.ITestContext)[pri:0, instance:tests.ui.ContactTests@478190fc]" started-at="2025-08-26T11:54:09 UTC" name="tearDown" finished-at="2025-08-26T11:54:10 UTC" duration-ms="210" status="PASS">
          <params>
            <param index="0">
              <value>
                <![CDATA[org.testng.TestRunner@48eb001a]]>
              </value>
            </param>
          </params>
          <reporter-output>
          </reporter-output>
        </test-method> <!-- tearDown -->
        <test-method is-config="true" signature="setup()[pri:0, instance:tests.ui.ContactTests@478190fc]" started-at="2025-08-26T11:54:10 UTC" name="setup" finished-at="2025-08-26T11:54:10 UTC" duration-ms="391" status="PASS">
          <reporter-output>
          </reporter-output>
        </test-method> <!-- setup -->
        <test-method is-config="true" signature="setUp()[pri:0, instance:tests.ui.ContactTests@478190fc]" started-at="2025-08-26T11:54:10 UTC" name="setUp" finished-at="2025-08-26T11:54:10 UTC" duration-ms="1" status="PASS">
          <reporter-output>
          </reporter-output>
        </test-method> <!-- setUp -->
        <test-method signature="verifyVisitorCanSendAnEmailViaForm(java.lang.String,java.lang.String,java.lang.String,java.lang.String)[pri:4, instance:tests.ui.ContactTests@478190fc]" started-at="2025-08-26T11:54:10 UTC" name="verifyVisitorCanSendAnEmailViaForm" data-provider="contactFormData" finished-at="2025-08-26T11:54:11 UTC" duration-ms="1513" status="PASS">
          <params>
            <param index="0">
              <value>
                <![CDATA[John Doe]]>
              </value>
            </param>
            <param index="1">
              <value>
                <![CDATA[JohnDoe@example.com]]>
              </value>
            </param>
            <param index="2">
              <value>
                <![CDATA[Test - Inquiry about services]]>
              </value>
            </param>
            <param index="3">
              <value>
                <![CDATA[Hello, This is a message sent by the test automation script. I would like to know more about your services.]]>
              </value>
            </param>
          </params>
          <reporter-output>
          </reporter-output>
        </test-method> <!-- verifyVisitorCanSendAnEmailViaForm -->
        <test-method is-config="true" signature="tearDown(org.testng.ITestContext)[pri:0, instance:tests.ui.ContactTests@478190fc]" started-at="2025-08-26T11:54:11 UTC" name="tearDown" finished-at="2025-08-26T11:54:12 UTC" duration-ms="68" status="PASS">
          <params>
            <param index="0">
              <value>
                <![CDATA[org.testng.TestRunner@48eb001a]]>
              </value>
            </param>
          </params>
          <reporter-output>
          </reporter-output>
        </test-method> <!-- tearDown -->
        <test-method is-config="true" signature="openReport()[pri:0, instance:tests.ui.ContactTests@478190fc]" started-at="2025-08-26T11:54:12 UTC" name="openReport" finished-at="2025-08-26T11:54:12 UTC" duration-ms="1" status="PASS">
          <reporter-output>
          </reporter-output>
        </test-method> <!-- openReport -->
      </class> <!-- tests.ui.ContactTests -->
    </test> <!-- UITest -->
  </suite> <!-- Functional UI Suite -->
</testng-results>
