<?xml version="1.0" encoding="UTF-8"?>
<testng-results ignored="0" total="4" passed="4" failed="0" skipped="0">
  <reporter-output>
  </reporter-output>
  <suite started-at="2025-08-26T11:58:54 UTC" name="Functional UI Suite" finished-at="2025-08-26T11:59:12 UTC" duration-ms="17453">
    <groups>
    </groups>
    <test started-at="2025-08-26T11:58:54 UTC" name="UITest" finished-at="2025-08-26T11:59:12 UTC" duration-ms="17453">
      <class name="tests.ui.ContactTests">
        <test-method is-config="true" signature="setup()[pri:0, instance:tests.ui.ContactTests@478190fc]" started-at="2025-08-26T11:58:54 UTC" name="setup" finished-at="2025-08-26T11:59:02 UTC" duration-ms="7253" status="PASS">
          <reporter-output>
          </reporter-output>
        </test-method> <!-- setup -->
        <test-method is-config="true" signature="setUp()[pri:0, instance:tests.ui.ContactTests@478190fc]" started-at="2025-08-26T11:59:02 UTC" name="setUp" finished-at="2025-08-26T11:59:02 UTC" duration-ms="3" status="PASS">
          <reporter-output>
          </reporter-output>
        </test-method> <!-- setUp -->
        <test-method signature="verifySuccessfulNavigationToLinkedinProfile()[pri:1, instance:tests.ui.ContactTests@478190fc]" started-at="2025-08-26T11:59:02 UTC" name="verifySuccessfulNavigationToLinkedinProfile" finished-at="2025-08-26T11:59:05 UTC" duration-ms="3889" status="PASS">
          <reporter-output>
          </reporter-output>
        </test-method> <!-- verifySuccessfulNavigationToLinkedinProfile -->
        <test-method is-config="true" signature="tearDown(org.testng.ITestContext)[pri:0, instance:tests.ui.ContactTests@478190fc]" started-at="2025-08-26T11:59:05 UTC" name="tearDown" finished-at="2025-08-26T11:59:06 UTC" duration-ms="115" status="PASS">
          <params>
            <param index="0">
              <value>
                <![CDATA[org.testng.TestRunner@34332b8d]]>
              </value>
            </param>
          </params>
          <reporter-output>
          </reporter-output>
        </test-method> <!-- tearDown -->
        <test-method is-config="true" signature="setup()[pri:0, instance:tests.ui.ContactTests@478190fc]" started-at="2025-08-26T11:59:06 UTC" name="setup" finished-at="2025-08-26T11:59:06 UTC" duration-ms="429" status="PASS">
          <reporter-output>
          </reporter-output>
        </test-method> <!-- setup -->
        <test-method is-config="true" signature="setUp()[pri:0, instance:tests.ui.ContactTests@478190fc]" started-at="2025-08-26T11:59:06 UTC" name="setUp" finished-at="2025-08-26T11:59:06 UTC" duration-ms="1" status="PASS">
          <reporter-output>
          </reporter-output>
        </test-method> <!-- setUp -->
        <test-method signature="verifySuccessfulNavigationToGithubProfile()[pri:2, instance:tests.ui.ContactTests@478190fc]" started-at="2025-08-26T11:59:06 UTC" name="verifySuccessfulNavigationToGithubProfile" finished-at="2025-08-26T11:59:08 UTC" duration-ms="1606" status="PASS">
          <reporter-output>
          </reporter-output>
        </test-method> <!-- verifySuccessfulNavigationToGithubProfile -->
        <test-method is-config="true" signature="tearDown(org.testng.ITestContext)[pri:0, instance:tests.ui.ContactTests@478190fc]" started-at="2025-08-26T11:59:08 UTC" name="tearDown" finished-at="2025-08-26T11:59:08 UTC" duration-ms="78" status="PASS">
          <params>
            <param index="0">
              <value>
                <![CDATA[org.testng.TestRunner@34332b8d]]>
              </value>
            </param>
          </params>
          <reporter-output>
          </reporter-output>
        </test-method> <!-- tearDown -->
        <test-method is-config="true" signature="setup()[pri:0, instance:tests.ui.ContactTests@478190fc]" started-at="2025-08-26T11:59:08 UTC" name="setup" finished-at="2025-08-26T11:59:08 UTC" duration-ms="346" status="PASS">
          <reporter-output>
          </reporter-output>
        </test-method> <!-- setup -->
        <test-method is-config="true" signature="setUp()[pri:0, instance:tests.ui.ContactTests@478190fc]" started-at="2025-08-26T11:59:08 UTC" name="setUp" finished-at="2025-08-26T11:59:08 UTC" duration-ms="1" status="PASS">
          <reporter-output>
          </reporter-output>
        </test-method> <!-- setUp -->
        <test-method signature="verifySuccessfulNavigationToWhatsApp()[pri:3, instance:tests.ui.ContactTests@478190fc]" started-at="2025-08-26T11:59:08 UTC" name="verifySuccessfulNavigationToWhatsApp" finished-at="2025-08-26T11:59:10 UTC" duration-ms="1806" status="PASS">
          <reporter-output>
          </reporter-output>
        </test-method> <!-- verifySuccessfulNavigationToWhatsApp -->
        <test-method is-config="true" signature="tearDown(org.testng.ITestContext)[pri:0, instance:tests.ui.ContactTests@478190fc]" started-at="2025-08-26T11:59:10 UTC" name="tearDown" finished-at="2025-08-26T11:59:10 UTC" duration-ms="209" status="PASS">
          <params>
            <param index="0">
              <value>
                <![CDATA[org.testng.TestRunner@34332b8d]]>
              </value>
            </param>
          </params>
          <reporter-output>
          </reporter-output>
        </test-method> <!-- tearDown -->
        <test-method is-config="true" signature="setup()[pri:0, instance:tests.ui.ContactTests@478190fc]" started-at="2025-08-26T11:59:10 UTC" name="setup" finished-at="2025-08-26T11:59:10 UTC" duration-ms="343" status="PASS">
          <reporter-output>
          </reporter-output>
        </test-method> <!-- setup -->
        <test-method is-config="true" signature="setUp()[pri:0, instance:tests.ui.ContactTests@478190fc]" started-at="2025-08-26T11:59:10 UTC" name="setUp" finished-at="2025-08-26T11:59:10 UTC" duration-ms="0" status="PASS">
          <reporter-output>
          </reporter-output>
        </test-method> <!-- setUp -->
        <test-method signature="verifyVisitorCanSendAnEmailViaForm(java.lang.String,java.lang.String,java.lang.String,java.lang.String)[pri:4, instance:tests.ui.ContactTests@478190fc]" started-at="2025-08-26T11:59:10 UTC" name="verifyVisitorCanSendAnEmailViaForm" data-provider="contactFormData" finished-at="2025-08-26T11:59:12 UTC" duration-ms="1274" status="PASS">
          <params>
            <param index="0">
              <value>
                <![CDATA[John Doe]]>
              </value>
            </param>
            <param index="1">
              <value>
                <![CDATA[JohnDoe@example.com]]>
              </value>
            </param>
            <param index="2">
              <value>
                <![CDATA[Test - Inquiry about services]]>
              </value>
            </param>
            <param index="3">
              <value>
                <![CDATA[Hello, This is a message sent by the test automation script. I would like to know more about your services.]]>
              </value>
            </param>
          </params>
          <reporter-output>
          </reporter-output>
        </test-method> <!-- verifyVisitorCanSendAnEmailViaForm -->
        <test-method is-config="true" signature="tearDown(org.testng.ITestContext)[pri:0, instance:tests.ui.ContactTests@478190fc]" started-at="2025-08-26T11:59:12 UTC" name="tearDown" finished-at="2025-08-26T11:59:12 UTC" duration-ms="67" status="PASS">
          <params>
            <param index="0">
              <value>
                <![CDATA[org.testng.TestRunner@34332b8d]]>
              </value>
            </param>
          </params>
          <reporter-output>
          </reporter-output>
        </test-method> <!-- tearDown -->
        <test-method is-config="true" signature="openReport()[pri:0, instance:tests.ui.ContactTests@478190fc]" started-at="2025-08-26T11:59:12 UTC" name="openReport" finished-at="2025-08-26T11:59:12 UTC" duration-ms="1" status="PASS">
          <reporter-output>
          </reporter-output>
        </test-method> <!-- openReport -->
      </class> <!-- tests.ui.ContactTests -->
    </test> <!-- UITest -->
  </suite> <!-- Functional UI Suite -->
</testng-results>
